<testsuites id="" name="" tests="575" failures="26" skipped="549" errors="0" time="90.645374">
<testsuite name="auth\login.spec.js" timestamp="2025-08-31T18:52:28.596Z" hostname="chromium" tests="18" failures="18" skipped="0" time="18.316" errors="0">
<testcase name="User Login › should display login form correctly" classname="auth\login.spec.js" time="1.597">
<failure message="login.spec.js:20:3 should display login form correctly" type="FAILURE">
<![CDATA[  [chromium] › auth\login.spec.js:20:3 › User Login › should display login form correctly ──────────

    Error: page.evaluate: SecurityError: Failed to read the 'localStorage' property from 'Window': Access is denied for this document.
        at UtilityScript.evaluate (<anonymous>:293:16)
        at UtilityScript.<anonymous> (<anonymous>:1:44)
        at UtilityScript.evaluate (<anonymous>:293:16)
        at UtilityScript.<anonymous> (<anonymous>:1:44)
        at TestHelpers.clearStorage (C:\Users\boatu\Downloads\upskill-main\upskill-main\buyit\e2e\support\test-helpers.js:106:21)
        at C:\Users\boatu\Downloads\upskill-main\upskill-main\buyit\e2e\tests\auth\login.spec.js:17:19

    attachment #1: screenshot (image/png) ──────────────────────────────────────────────────────────
    ..\test-results\auth-login-User-Login-should-display-login-form-correctly-chromium\test-failed-1.png
    ────────────────────────────────────────────────────────────────────────────────────────────────

    attachment #2: video (video/webm) ──────────────────────────────────────────────────────────────
    ..\test-results\auth-login-User-Login-should-display-login-form-correctly-chromium\video.webm
    ────────────────────────────────────────────────────────────────────────────────────────────────
]]>
</failure>
<system-out>
<![CDATA[
[[ATTACHMENT|auth-login-User-Login-should-display-login-form-correctly-chromium\test-failed-1.png]]

[[ATTACHMENT|auth-login-User-Login-should-display-login-form-correctly-chromium\video.webm]]
]]>
</system-out>
</testcase>
<testcase name="User Login › should login with valid credentials" classname="auth\login.spec.js" time="1.667">
<failure message="login.spec.js:27:3 should login with valid credentials" type="FAILURE">
<![CDATA[  [chromium] › auth\login.spec.js:27:3 › User Login › should login with valid credentials ──────────

    Error: page.evaluate: SecurityError: Failed to read the 'localStorage' property from 'Window': Access is denied for this document.
        at UtilityScript.evaluate (<anonymous>:293:16)
        at UtilityScript.<anonymous> (<anonymous>:1:44)
        at UtilityScript.evaluate (<anonymous>:293:16)
        at UtilityScript.<anonymous> (<anonymous>:1:44)
        at TestHelpers.clearStorage (C:\Users\boatu\Downloads\upskill-main\upskill-main\buyit\e2e\support\test-helpers.js:106:21)
        at C:\Users\boatu\Downloads\upskill-main\upskill-main\buyit\e2e\tests\auth\login.spec.js:17:19

    attachment #1: screenshot (image/png) ──────────────────────────────────────────────────────────
    ..\test-results\auth-login-User-Login-should-login-with-valid-credentials-chromium\test-failed-1.png
    ────────────────────────────────────────────────────────────────────────────────────────────────

    attachment #2: video (video/webm) ──────────────────────────────────────────────────────────────
    ..\test-results\auth-login-User-Login-should-login-with-valid-credentials-chromium\video.webm
    ────────────────────────────────────────────────────────────────────────────────────────────────
]]>
</failure>
<system-out>
<![CDATA[
[[ATTACHMENT|auth-login-User-Login-should-login-with-valid-credentials-chromium\test-failed-1.png]]

[[ATTACHMENT|auth-login-User-Login-should-login-with-valid-credentials-chromium\video.webm]]
]]>
</system-out>
</testcase>
<testcase name="User Login › should show error with invalid credentials" classname="auth\login.spec.js" time="0.941">
<failure message="login.spec.js:43:3 should show error with invalid credentials" type="FAILURE">
<![CDATA[  [chromium] › auth\login.spec.js:43:3 › User Login › should show error with invalid credentials ───

    Error: page.evaluate: SecurityError: Failed to read the 'localStorage' property from 'Window': Access is denied for this document.
        at UtilityScript.evaluate (<anonymous>:293:16)
        at UtilityScript.<anonymous> (<anonymous>:1:44)
        at UtilityScript.evaluate (<anonymous>:293:16)
        at UtilityScript.<anonymous> (<anonymous>:1:44)
        at TestHelpers.clearStorage (C:\Users\boatu\Downloads\upskill-main\upskill-main\buyit\e2e\support\test-helpers.js:106:21)
        at C:\Users\boatu\Downloads\upskill-main\upskill-main\buyit\e2e\tests\auth\login.spec.js:17:19

    attachment #1: screenshot (image/png) ──────────────────────────────────────────────────────────
    ..\test-results\auth-login-User-Login-shou-8e1d8-or-with-invalid-credentials-chromium\test-failed-1.png
    ────────────────────────────────────────────────────────────────────────────────────────────────

    attachment #2: video (video/webm) ──────────────────────────────────────────────────────────────
    ..\test-results\auth-login-User-Login-shou-8e1d8-or-with-invalid-credentials-chromium\video.webm
    ────────────────────────────────────────────────────────────────────────────────────────────────
]]>
</failure>
<system-out>
<![CDATA[
[[ATTACHMENT|auth-login-User-Login-shou-8e1d8-or-with-invalid-credentials-chromium\test-failed-1.png]]

[[ATTACHMENT|auth-login-User-Login-shou-8e1d8-or-with-invalid-credentials-chromium\video.webm]]
]]>
</system-out>
</testcase>
<testcase name="User Login › should show validation error for empty email" classname="auth\login.spec.js" time="0.949">
<failure message="login.spec.js:51:3 should show validation error for empty email" type="FAILURE">
<![CDATA[  [chromium] › auth\login.spec.js:51:3 › User Login › should show validation error for empty email ─

    Error: page.evaluate: SecurityError: Failed to read the 'localStorage' property from 'Window': Access is denied for this document.
        at UtilityScript.evaluate (<anonymous>:293:16)
        at UtilityScript.<anonymous> (<anonymous>:1:44)
        at UtilityScript.evaluate (<anonymous>:293:16)
        at UtilityScript.<anonymous> (<anonymous>:1:44)
        at TestHelpers.clearStorage (C:\Users\boatu\Downloads\upskill-main\upskill-main\buyit\e2e\support\test-helpers.js:106:21)
        at C:\Users\boatu\Downloads\upskill-main\upskill-main\buyit\e2e\tests\auth\login.spec.js:17:19

    attachment #1: screenshot (image/png) ──────────────────────────────────────────────────────────
    ..\test-results\auth-login-User-Login-shou-d0a7b-ation-error-for-empty-email-chromium\test-failed-1.png
    ────────────────────────────────────────────────────────────────────────────────────────────────

    attachment #2: video (video/webm) ──────────────────────────────────────────────────────────────
    ..\test-results\auth-login-User-Login-shou-d0a7b-ation-error-for-empty-email-chromium\video.webm
    ────────────────────────────────────────────────────────────────────────────────────────────────
]]>
</failure>
<system-out>
<![CDATA[
[[ATTACHMENT|auth-login-User-Login-shou-d0a7b-ation-error-for-empty-email-chromium\test-failed-1.png]]

[[ATTACHMENT|auth-login-User-Login-shou-d0a7b-ation-error-for-empty-email-chromium\video.webm]]
]]>
</system-out>
</testcase>
<testcase name="User Login › should show validation error for empty password" classname="auth\login.spec.js" time="0.807">
<failure message="login.spec.js:58:3 should show validation error for empty password" type="FAILURE">
<![CDATA[  [chromium] › auth\login.spec.js:58:3 › User Login › should show validation error for empty password 

    Error: page.evaluate: SecurityError: Failed to read the 'localStorage' property from 'Window': Access is denied for this document.
        at UtilityScript.evaluate (<anonymous>:293:16)
        at UtilityScript.<anonymous> (<anonymous>:1:44)
        at UtilityScript.evaluate (<anonymous>:293:16)
        at UtilityScript.<anonymous> (<anonymous>:1:44)
        at TestHelpers.clearStorage (C:\Users\boatu\Downloads\upskill-main\upskill-main\buyit\e2e\support\test-helpers.js:106:21)
        at C:\Users\boatu\Downloads\upskill-main\upskill-main\buyit\e2e\tests\auth\login.spec.js:17:19

    attachment #1: screenshot (image/png) ──────────────────────────────────────────────────────────
    ..\test-results\auth-login-User-Login-shou-e65fc-on-error-for-empty-password-chromium\test-failed-1.png
    ────────────────────────────────────────────────────────────────────────────────────────────────

    attachment #2: video (video/webm) ──────────────────────────────────────────────────────────────
    ..\test-results\auth-login-User-Login-shou-e65fc-on-error-for-empty-password-chromium\video.webm
    ────────────────────────────────────────────────────────────────────────────────────────────────
]]>
</failure>
<system-out>
<![CDATA[
[[ATTACHMENT|auth-login-User-Login-shou-e65fc-on-error-for-empty-password-chromium\test-failed-1.png]]

[[ATTACHMENT|auth-login-User-Login-shou-e65fc-on-error-for-empty-password-chromium\video.webm]]
]]>
</system-out>
</testcase>
<testcase name="User Login › should show validation error for invalid email format" classname="auth\login.spec.js" time="0.876">
<failure message="login.spec.js:65:3 should show validation error for invalid email format" type="FAILURE">
<![CDATA[  [chromium] › auth\login.spec.js:65:3 › User Login › should show validation error for invalid email format 

    Error: page.evaluate: SecurityError: Failed to read the 'localStorage' property from 'Window': Access is denied for this document.
        at UtilityScript.evaluate (<anonymous>:293:16)
        at UtilityScript.<anonymous> (<anonymous>:1:44)
        at UtilityScript.evaluate (<anonymous>:293:16)
        at UtilityScript.<anonymous> (<anonymous>:1:44)
        at TestHelpers.clearStorage (C:\Users\boatu\Downloads\upskill-main\upskill-main\buyit\e2e\support\test-helpers.js:106:21)
        at C:\Users\boatu\Downloads\upskill-main\upskill-main\buyit\e2e\tests\auth\login.spec.js:17:19

    attachment #1: screenshot (image/png) ──────────────────────────────────────────────────────────
    ..\test-results\auth-login-User-Login-shou-27b5d-or-for-invalid-email-format-chromium\test-failed-1.png
    ────────────────────────────────────────────────────────────────────────────────────────────────

    attachment #2: video (video/webm) ──────────────────────────────────────────────────────────────
    ..\test-results\auth-login-User-Login-shou-27b5d-or-for-invalid-email-format-chromium\video.webm
    ────────────────────────────────────────────────────────────────────────────────────────────────
]]>
</failure>
<system-out>
<![CDATA[
[[ATTACHMENT|auth-login-User-Login-shou-27b5d-or-for-invalid-email-format-chromium\test-failed-1.png]]

[[ATTACHMENT|auth-login-User-Login-shou-27b5d-or-for-invalid-email-format-chromium\video.webm]]
]]>
</system-out>
</testcase>
<testcase name="User Login › should navigate to register page" classname="auth\login.spec.js" time="1.034">
<failure message="login.spec.js:70:3 should navigate to register page" type="FAILURE">
<![CDATA[  [chromium] › auth\login.spec.js:70:3 › User Login › should navigate to register page ─────────────

    Error: page.evaluate: SecurityError: Failed to read the 'localStorage' property from 'Window': Access is denied for this document.
        at UtilityScript.evaluate (<anonymous>:293:16)
        at UtilityScript.<anonymous> (<anonymous>:1:44)
        at UtilityScript.evaluate (<anonymous>:293:16)
        at UtilityScript.<anonymous> (<anonymous>:1:44)
        at TestHelpers.clearStorage (C:\Users\boatu\Downloads\upskill-main\upskill-main\buyit\e2e\support\test-helpers.js:106:21)
        at C:\Users\boatu\Downloads\upskill-main\upskill-main\buyit\e2e\tests\auth\login.spec.js:17:19

    attachment #1: screenshot (image/png) ──────────────────────────────────────────────────────────
    ..\test-results\auth-login-User-Login-should-navigate-to-register-page-chromium\test-failed-1.png
    ────────────────────────────────────────────────────────────────────────────────────────────────

    attachment #2: video (video/webm) ──────────────────────────────────────────────────────────────
    ..\test-results\auth-login-User-Login-should-navigate-to-register-page-chromium\video.webm
    ────────────────────────────────────────────────────────────────────────────────────────────────
]]>
</failure>
<system-out>
<![CDATA[
[[ATTACHMENT|auth-login-User-Login-should-navigate-to-register-page-chromium\test-failed-1.png]]

[[ATTACHMENT|auth-login-User-Login-should-navigate-to-register-page-chromium\video.webm]]
]]>
</system-out>
</testcase>
<testcase name="User Login › should remember login state after page refresh" classname="auth\login.spec.js" time="0.758">
<failure message="login.spec.js:77:3 should remember login state after page refresh" type="FAILURE">
<![CDATA[  [chromium] › auth\login.spec.js:77:3 › User Login › should remember login state after page refresh 

    Error: page.evaluate: SecurityError: Failed to read the 'localStorage' property from 'Window': Access is denied for this document.
        at UtilityScript.evaluate (<anonymous>:293:16)
        at UtilityScript.<anonymous> (<anonymous>:1:44)
        at UtilityScript.evaluate (<anonymous>:293:16)
        at UtilityScript.<anonymous> (<anonymous>:1:44)
        at TestHelpers.clearStorage (C:\Users\boatu\Downloads\upskill-main\upskill-main\buyit\e2e\support\test-helpers.js:106:21)
        at C:\Users\boatu\Downloads\upskill-main\upskill-main\buyit\e2e\tests\auth\login.spec.js:17:19

    attachment #1: screenshot (image/png) ──────────────────────────────────────────────────────────
    ..\test-results\auth-login-User-Login-shou-d1f52-in-state-after-page-refresh-chromium\test-failed-1.png
    ────────────────────────────────────────────────────────────────────────────────────────────────

    attachment #2: video (video/webm) ──────────────────────────────────────────────────────────────
    ..\test-results\auth-login-User-Login-shou-d1f52-in-state-after-page-refresh-chromium\video.webm
    ────────────────────────────────────────────────────────────────────────────────────────────────
]]>
</failure>
<system-out>
<![CDATA[
[[ATTACHMENT|auth-login-User-Login-shou-d1f52-in-state-after-page-refresh-chromium\test-failed-1.png]]

[[ATTACHMENT|auth-login-User-Login-shou-d1f52-in-state-after-page-refresh-chromium\video.webm]]
]]>
</system-out>
</testcase>
<testcase name="User Login › should handle network error gracefully" classname="auth\login.spec.js" time="0.849">
<failure message="login.spec.js:94:3 should handle network error gracefully" type="FAILURE">
<![CDATA[  [chromium] › auth\login.spec.js:94:3 › User Login › should handle network error gracefully ───────

    Error: page.evaluate: SecurityError: Failed to read the 'localStorage' property from 'Window': Access is denied for this document.
        at UtilityScript.evaluate (<anonymous>:293:16)
        at UtilityScript.<anonymous> (<anonymous>:1:44)
        at UtilityScript.evaluate (<anonymous>:293:16)
        at UtilityScript.<anonymous> (<anonymous>:1:44)
        at TestHelpers.clearStorage (C:\Users\boatu\Downloads\upskill-main\upskill-main\buyit\e2e\support\test-helpers.js:106:21)
        at C:\Users\boatu\Downloads\upskill-main\upskill-main\buyit\e2e\tests\auth\login.spec.js:17:19

    attachment #1: screenshot (image/png) ──────────────────────────────────────────────────────────
    ..\test-results\auth-login-User-Login-should-handle-network-error-gracefully-chromium\test-failed-1.png
    ────────────────────────────────────────────────────────────────────────────────────────────────

    attachment #2: video (video/webm) ──────────────────────────────────────────────────────────────
    ..\test-results\auth-login-User-Login-should-handle-network-error-gracefully-chromium\video.webm
    ────────────────────────────────────────────────────────────────────────────────────────────────
]]>
</failure>
<system-out>
<![CDATA[
[[ATTACHMENT|auth-login-User-Login-should-handle-network-error-gracefully-chromium\test-failed-1.png]]

[[ATTACHMENT|auth-login-User-Login-should-handle-network-error-gracefully-chromium\video.webm]]
]]>
</system-out>
</testcase>
<testcase name="User Login › should disable login button while loading" classname="auth\login.spec.js" time="0.994">
<failure message="login.spec.js:107:3 should disable login button while loading" type="FAILURE">
<![CDATA[  [chromium] › auth\login.spec.js:107:3 › User Login › should disable login button while loading ───

    Error: page.evaluate: SecurityError: Failed to read the 'localStorage' property from 'Window': Access is denied for this document.
        at UtilityScript.evaluate (<anonymous>:293:16)
        at UtilityScript.<anonymous> (<anonymous>:1:44)
        at UtilityScript.evaluate (<anonymous>:293:16)
        at UtilityScript.<anonymous> (<anonymous>:1:44)
        at TestHelpers.clearStorage (C:\Users\boatu\Downloads\upskill-main\upskill-main\buyit\e2e\support\test-helpers.js:106:21)
        at C:\Users\boatu\Downloads\upskill-main\upskill-main\buyit\e2e\tests\auth\login.spec.js:17:19

    attachment #1: screenshot (image/png) ──────────────────────────────────────────────────────────
    ..\test-results\auth-login-User-Login-shou-7c9f9--login-button-while-loading-chromium\test-failed-1.png
    ────────────────────────────────────────────────────────────────────────────────────────────────

    attachment #2: video (video/webm) ──────────────────────────────────────────────────────────────
    ..\test-results\auth-login-User-Login-shou-7c9f9--login-button-while-loading-chromium\video.webm
    ────────────────────────────────────────────────────────────────────────────────────────────────
]]>
</failure>
<system-out>
<![CDATA[
[[ATTACHMENT|auth-login-User-Login-shou-7c9f9--login-button-while-loading-chromium\test-failed-1.png]]

[[ATTACHMENT|auth-login-User-Login-shou-7c9f9--login-button-while-loading-chromium\video.webm]]
]]>
</system-out>
</testcase>
<testcase name="User Login › should clear form data after failed login" classname="auth\login.spec.js" time="0.717">
<failure message="login.spec.js:124:3 should clear form data after failed login" type="FAILURE">
<![CDATA[  [chromium] › auth\login.spec.js:124:3 › User Login › should clear form data after failed login ───

    Error: page.evaluate: SecurityError: Failed to read the 'localStorage' property from 'Window': Access is denied for this document.
        at UtilityScript.evaluate (<anonymous>:293:16)
        at UtilityScript.<anonymous> (<anonymous>:1:44)
        at UtilityScript.evaluate (<anonymous>:293:16)
        at UtilityScript.<anonymous> (<anonymous>:1:44)
        at TestHelpers.clearStorage (C:\Users\boatu\Downloads\upskill-main\upskill-main\buyit\e2e\support\test-helpers.js:106:21)
        at C:\Users\boatu\Downloads\upskill-main\upskill-main\buyit\e2e\tests\auth\login.spec.js:17:19

    attachment #1: screenshot (image/png) ──────────────────────────────────────────────────────────
    ..\test-results\auth-login-User-Login-shou-bcbf4-orm-data-after-failed-login-chromium\test-failed-1.png
    ────────────────────────────────────────────────────────────────────────────────────────────────

    attachment #2: video (video/webm) ──────────────────────────────────────────────────────────────
    ..\test-results\auth-login-User-Login-shou-bcbf4-orm-data-after-failed-login-chromium\video.webm
    ────────────────────────────────────────────────────────────────────────────────────────────────
]]>
</failure>
<system-out>
<![CDATA[
[[ATTACHMENT|auth-login-User-Login-shou-bcbf4-orm-data-after-failed-login-chromium\test-failed-1.png]]

[[ATTACHMENT|auth-login-User-Login-shou-bcbf4-orm-data-after-failed-login-chromium\video.webm]]
]]>
</system-out>
</testcase>
<testcase name="User Login › should maintain cart state after login" classname="auth\login.spec.js" time="0.678">
<failure message="login.spec.js:139:3 should maintain cart state after login" type="FAILURE">
<![CDATA[  [chromium] › auth\login.spec.js:139:3 › User Login › should maintain cart state after login ──────

    Error: page.evaluate: SecurityError: Failed to read the 'localStorage' property from 'Window': Access is denied for this document.
        at UtilityScript.evaluate (<anonymous>:293:16)
        at UtilityScript.<anonymous> (<anonymous>:1:44)
        at UtilityScript.evaluate (<anonymous>:293:16)
        at UtilityScript.<anonymous> (<anonymous>:1:44)
        at TestHelpers.clearStorage (C:\Users\boatu\Downloads\upskill-main\upskill-main\buyit\e2e\support\test-helpers.js:106:21)
        at C:\Users\boatu\Downloads\upskill-main\upskill-main\buyit\e2e\tests\auth\login.spec.js:17:19

    attachment #1: screenshot (image/png) ──────────────────────────────────────────────────────────
    ..\test-results\auth-login-User-Login-should-maintain-cart-state-after-login-chromium\test-failed-1.png
    ────────────────────────────────────────────────────────────────────────────────────────────────

    attachment #2: video (video/webm) ──────────────────────────────────────────────────────────────
    ..\test-results\auth-login-User-Login-should-maintain-cart-state-after-login-chromium\video.webm
    ────────────────────────────────────────────────────────────────────────────────────────────────
]]>
</failure>
<system-out>
<![CDATA[
[[ATTACHMENT|auth-login-User-Login-should-maintain-cart-state-after-login-chromium\test-failed-1.png]]

[[ATTACHMENT|auth-login-User-Login-should-maintain-cart-state-after-login-chromium\video.webm]]
]]>
</system-out>
</testcase>
<testcase name="User Login › should redirect to intended page after login" classname="auth\login.spec.js" time="0.705">
<failure message="login.spec.js:163:3 should redirect to intended page after login" type="FAILURE">
<![CDATA[  [chromium] › auth\login.spec.js:163:3 › User Login › should redirect to intended page after login 

    Error: page.evaluate: SecurityError: Failed to read the 'localStorage' property from 'Window': Access is denied for this document.
        at UtilityScript.evaluate (<anonymous>:293:16)
        at UtilityScript.<anonymous> (<anonymous>:1:44)
        at UtilityScript.evaluate (<anonymous>:293:16)
        at UtilityScript.<anonymous> (<anonymous>:1:44)
        at TestHelpers.clearStorage (C:\Users\boatu\Downloads\upskill-main\upskill-main\buyit\e2e\support\test-helpers.js:106:21)
        at C:\Users\boatu\Downloads\upskill-main\upskill-main\buyit\e2e\tests\auth\login.spec.js:17:19

    attachment #1: screenshot (image/png) ──────────────────────────────────────────────────────────
    ..\test-results\auth-login-User-Login-shou-c9a4d-o-intended-page-after-login-chromium\test-failed-1.png
    ────────────────────────────────────────────────────────────────────────────────────────────────

    attachment #2: video (video/webm) ──────────────────────────────────────────────────────────────
    ..\test-results\auth-login-User-Login-shou-c9a4d-o-intended-page-after-login-chromium\video.webm
    ────────────────────────────────────────────────────────────────────────────────────────────────
]]>
</failure>
<system-out>
<![CDATA[
[[ATTACHMENT|auth-login-User-Login-shou-c9a4d-o-intended-page-after-login-chromium\test-failed-1.png]]

[[ATTACHMENT|auth-login-User-Login-shou-c9a4d-o-intended-page-after-login-chromium\video.webm]]
]]>
</system-out>
</testcase>
<testcase name="User Login › should show appropriate error for too many failed attempts" classname="auth\login.spec.js" time="0.031">
<failure message="login.spec.js:177:3 should show appropriate error for too many failed attempts" type="FAILURE">
<![CDATA[  [chromium] › auth\login.spec.js:177:3 › User Login › should show appropriate error for too many failed attempts 

    Error: browserType.launch: Target page, context or browser has been closed
    Browser logs:

    <launching> C:\Users\boatu\AppData\Local\ms-playwright\chromium_headless_shell-1187\chrome-win\headless_shell.exe --disable-field-trial-config --disable-background-networking --disable-background-timer-throttling --disable-backgrounding-occluded-windows --disable-back-forward-cache --disable-breakpad --disable-client-side-phishing-detection --disable-component-extensions-with-background-pages --disable-component-update --no-default-browser-check --disable-default-apps --disable-dev-shm-usage --disable-extensions --disable-features=AcceptCHFrame,AvoidUnnecessaryBeforeUnloadCheckSync,DestroyProfileOnBrowserClose,DialMediaRouteProvider,GlobalMediaControls,HttpsUpgrades,LensOverlay,MediaRouter,PaintHolding,ThirdPartyStoragePartitioning,Translate,AutoDeElevate --allow-pre-commit-input --disable-hang-monitor --disable-ipc-flooding-protection --disable-popup-blocking --disable-prompt-on-repost --disable-renderer-backgrounding --force-color-profile=srgb --metrics-recording-only --no-first-run --password-store=basic --use-mock-keychain --no-service-autorun --export-tagged-pdf --disable-search-engine-choice-screen --unsafely-disable-devtools-self-xss-warnings --edge-skip-compat-layer-relaunch --enable-automation --headless --hide-scrollbars --mute-audio --blink-settings=primaryHoverType=2,availableHoverTypes=2,primaryPointerType=4,availablePointerTypes=4 --no-sandbox --user-data-dir=C:\Users\boatu\AppData\Local\Temp\playwright_chromiumdev_profile-KD6ACW --remote-debugging-pipe --no-startup-window
    <launched> pid=1100
    Call log:
      - <launching> C:\Users\boatu\AppData\Local\ms-playwright\chromium_headless_shell-1187\chrome-win\headless_shell.exe --disable-field-trial-config --disable-background-networking --disable-background-timer-throttling --disable-backgrounding-occluded-windows --disable-back-forward-cache --disable-breakpad --disable-client-side-phishing-detection --disable-component-extensions-with-background-pages --disable-component-update --no-default-browser-check --disable-default-apps --disable-dev-shm-usage --disable-extensions --disable-features=AcceptCHFrame,AvoidUnnecessaryBeforeUnloadCheckSync,DestroyProfileOnBrowserClose,DialMediaRouteProvider,GlobalMediaControls,HttpsUpgrades,LensOverlay,MediaRouter,PaintHolding,ThirdPartyStoragePartitioning,Translate,AutoDeElevate --allow-pre-commit-input --disable-hang-monitor --disable-ipc-flooding-protection --disable-popup-blocking --disable-prompt-on-repost --disable-renderer-backgrounding --force-color-profile=srgb --metrics-recording-only --no-first-run --password-store=basic --use-mock-keychain --no-service-autorun --export-tagged-pdf --disable-search-engine-choice-screen --unsafely-disable-devtools-self-xss-warnings --edge-skip-compat-layer-relaunch --enable-automation --headless --hide-scrollbars --mute-audio --blink-settings=primaryHoverType=2,availableHoverTypes=2,primaryPointerType=4,availablePointerTypes=4 --no-sandbox --user-data-dir=C:\Users\boatu\AppData\Local\Temp\playwright_chromiumdev_profile-KD6ACW --remote-debugging-pipe --no-startup-window
      - <launched> pid=1100
      - [pid=1100] <gracefully close start>
      - [pid=1100] <kill>
      - [pid=1100] <will force kill>
      - [pid=1100] taskkill stdout: SUCCESS: The process with PID 6924 (child process of PID 1100) has been terminated.
    SUCCESS: The process with PID 1100 (child process of PID 4520) has been terminated.
      - [pid=1100] taskkill stderr: ERROR: The process with PID 7148 (child process of PID 1100) could not be terminated.
    Reason: There is no running instance of the task.
      - [pid=1100] <process did exit: exitCode=1, signal=null>
      - [pid=1100] starting temporary directories cleanup
      - [pid=1100] finished temporary directories cleanup
      - [pid=1100] <gracefully close end>

]]>
</failure>
</testcase>
<testcase name="User Login › Mobile Login › should login successfully on mobile" classname="auth\login.spec.js" time="1.48">
<failure message="login.spec.js:200:5 should login successfully on mobile" type="FAILURE">
<![CDATA[  [chromium] › auth\login.spec.js:200:5 › User Login › Mobile Login › should login successfully on mobile 

    Error: page.evaluate: SecurityError: Failed to read the 'localStorage' property from 'Window': Access is denied for this document.
        at UtilityScript.evaluate (<anonymous>:293:16)
        at UtilityScript.<anonymous> (<anonymous>:1:44)
        at UtilityScript.evaluate (<anonymous>:293:16)
        at UtilityScript.<anonymous> (<anonymous>:1:44)
        at TestHelpers.clearStorage (C:\Users\boatu\Downloads\upskill-main\upskill-main\buyit\e2e\support\test-helpers.js:106:21)
        at C:\Users\boatu\Downloads\upskill-main\upskill-main\buyit\e2e\tests\auth\login.spec.js:17:19

    attachment #1: screenshot (image/png) ──────────────────────────────────────────────────────────
    ..\test-results\auth-login-User-Login-Mobi-a11c7-ogin-successfully-on-mobile-chromium\test-failed-1.png
    ────────────────────────────────────────────────────────────────────────────────────────────────

    attachment #2: video (video/webm) ──────────────────────────────────────────────────────────────
    ..\test-results\auth-login-User-Login-Mobi-a11c7-ogin-successfully-on-mobile-chromium\video.webm
    ────────────────────────────────────────────────────────────────────────────────────────────────
]]>
</failure>
<system-out>
<![CDATA[
[[ATTACHMENT|auth-login-User-Login-Mobi-a11c7-ogin-successfully-on-mobile-chromium\test-failed-1.png]]

[[ATTACHMENT|auth-login-User-Login-Mobi-a11c7-ogin-successfully-on-mobile-chromium\video.webm]]
]]>
</system-out>
</testcase>
<testcase name="User Login › Mobile Login › should have proper mobile form layout" classname="auth\login.spec.js" time="1.382">
<failure message="login.spec.js:210:5 should have proper mobile form layout" type="FAILURE">
<![CDATA[  [chromium] › auth\login.spec.js:210:5 › User Login › Mobile Login › should have proper mobile form layout 

    Error: page.evaluate: SecurityError: Failed to read the 'localStorage' property from 'Window': Access is denied for this document.
        at UtilityScript.evaluate (<anonymous>:293:16)
        at UtilityScript.<anonymous> (<anonymous>:1:44)
        at UtilityScript.evaluate (<anonymous>:293:16)
        at UtilityScript.<anonymous> (<anonymous>:1:44)
        at TestHelpers.clearStorage (C:\Users\boatu\Downloads\upskill-main\upskill-main\buyit\e2e\support\test-helpers.js:106:21)
        at C:\Users\boatu\Downloads\upskill-main\upskill-main\buyit\e2e\tests\auth\login.spec.js:17:19

    attachment #1: screenshot (image/png) ──────────────────────────────────────────────────────────
    ..\test-results\auth-login-User-Login-Mobi-078ae-e-proper-mobile-form-layout-chromium\test-failed-1.png
    ────────────────────────────────────────────────────────────────────────────────────────────────

    attachment #2: video (video/webm) ──────────────────────────────────────────────────────────────
    ..\test-results\auth-login-User-Login-Mobi-078ae-e-proper-mobile-form-layout-chromium\video.webm
    ────────────────────────────────────────────────────────────────────────────────────────────────
]]>
</failure>
<system-out>
<![CDATA[
[[ATTACHMENT|auth-login-User-Login-Mobi-078ae-e-proper-mobile-form-layout-chromium\test-failed-1.png]]

[[ATTACHMENT|auth-login-User-Login-Mobi-078ae-e-proper-mobile-form-layout-chromium\video.webm]]
]]>
</system-out>
</testcase>
<testcase name="User Login › Accessibility › should be accessible with keyboard navigation" classname="auth\login.spec.js" time="1.528">
<failure message="login.spec.js:225:5 should be accessible with keyboard navigation" type="FAILURE">
<![CDATA[  [chromium] › auth\login.spec.js:225:5 › User Login › Accessibility › should be accessible with keyboard navigation 

    Error: page.evaluate: SecurityError: Failed to read the 'localStorage' property from 'Window': Access is denied for this document.
        at UtilityScript.evaluate (<anonymous>:293:16)
        at UtilityScript.<anonymous> (<anonymous>:1:44)
        at UtilityScript.evaluate (<anonymous>:293:16)
        at UtilityScript.<anonymous> (<anonymous>:1:44)
        at TestHelpers.clearStorage (C:\Users\boatu\Downloads\upskill-main\upskill-main\buyit\e2e\support\test-helpers.js:106:21)
        at C:\Users\boatu\Downloads\upskill-main\upskill-main\buyit\e2e\tests\auth\login.spec.js:17:19

    attachment #1: screenshot (image/png) ──────────────────────────────────────────────────────────
    ..\test-results\auth-login-User-Login-Acce-95b9e-le-with-keyboard-navigation-chromium\test-failed-1.png
    ────────────────────────────────────────────────────────────────────────────────────────────────

    attachment #2: video (video/webm) ──────────────────────────────────────────────────────────────
    ..\test-results\auth-login-User-Login-Acce-95b9e-le-with-keyboard-navigation-chromium\video.webm
    ────────────────────────────────────────────────────────────────────────────────────────────────
]]>
</failure>
<system-out>
<![CDATA[
[[ATTACHMENT|auth-login-User-Login-Acce-95b9e-le-with-keyboard-navigation-chromium\test-failed-1.png]]

[[ATTACHMENT|auth-login-User-Login-Acce-95b9e-le-with-keyboard-navigation-chromium\video.webm]]
]]>
</system-out>
</testcase>
<testcase name="User Login › Accessibility › should have proper ARIA labels and roles" classname="auth\login.spec.js" time="1.323">
<failure message="login.spec.js:242:5 should have proper ARIA labels and roles" type="FAILURE">
<![CDATA[  [chromium] › auth\login.spec.js:242:5 › User Login › Accessibility › should have proper ARIA labels and roles 

    Error: page.evaluate: SecurityError: Failed to read the 'localStorage' property from 'Window': Access is denied for this document.
        at UtilityScript.evaluate (<anonymous>:293:16)
        at UtilityScript.<anonymous> (<anonymous>:1:44)
        at UtilityScript.evaluate (<anonymous>:293:16)
        at UtilityScript.<anonymous> (<anonymous>:1:44)
        at TestHelpers.clearStorage (C:\Users\boatu\Downloads\upskill-main\upskill-main\buyit\e2e\support\test-helpers.js:106:21)
        at C:\Users\boatu\Downloads\upskill-main\upskill-main\buyit\e2e\tests\auth\login.spec.js:17:19

    attachment #1: screenshot (image/png) ──────────────────────────────────────────────────────────
    ..\test-results\auth-login-User-Login-Acce-2f1a6-roper-ARIA-labels-and-roles-chromium\test-failed-1.png
    ────────────────────────────────────────────────────────────────────────────────────────────────

    attachment #2: video (video/webm) ──────────────────────────────────────────────────────────────
    ..\test-results\auth-login-User-Login-Acce-2f1a6-roper-ARIA-labels-and-roles-chromium\video.webm
    ────────────────────────────────────────────────────────────────────────────────────────────────
]]>
</failure>
<system-out>
<![CDATA[
[[ATTACHMENT|auth-login-User-Login-Acce-2f1a6-roper-ARIA-labels-and-roles-chromium\test-failed-1.png]]

[[ATTACHMENT|auth-login-User-Login-Acce-2f1a6-roper-ARIA-labels-and-roles-chromium\video.webm]]
]]>
</system-out>
</testcase>
</testsuite>
<testsuite name="auth\logout.spec.js" timestamp="2025-08-31T18:52:28.596Z" hostname="chromium" tests="18" failures="8" skipped="10" time="12.834" errors="0">
<testcase name="User Logout › should logout successfully from header" classname="auth\logout.spec.js" time="2.526">
<failure message="logout.spec.js:26:3 should logout successfully from header" type="FAILURE">
<![CDATA[  [chromium] › auth\logout.spec.js:26:3 › User Logout › should logout successfully from header ─────

    Error: page.evaluate: SecurityError: Failed to read the 'localStorage' property from 'Window': Access is denied for this document.
        at UtilityScript.evaluate (<anonymous>:293:16)
        at UtilityScript.<anonymous> (<anonymous>:1:44)
        at UtilityScript.evaluate (<anonymous>:293:16)
        at UtilityScript.<anonymous> (<anonymous>:1:44)
        at TestHelpers.clearStorage (C:\Users\boatu\Downloads\upskill-main\upskill-main\buyit\e2e\support\test-helpers.js:106:21)
        at C:\Users\boatu\Downloads\upskill-main\upskill-main\buyit\e2e\tests\auth\logout.spec.js:17:19

    attachment #1: screenshot (image/png) ──────────────────────────────────────────────────────────
    ..\test-results\auth-logout-User-Logout-sh-725e6-ut-successfully-from-header-chromium\test-failed-1.png
    ────────────────────────────────────────────────────────────────────────────────────────────────

    attachment #2: video (video/webm) ──────────────────────────────────────────────────────────────
    ..\test-results\auth-logout-User-Logout-sh-725e6-ut-successfully-from-header-chromium\video.webm
    ────────────────────────────────────────────────────────────────────────────────────────────────
]]>
</failure>
<system-out>
<![CDATA[
[[ATTACHMENT|auth-logout-User-Logout-sh-725e6-ut-successfully-from-header-chromium\test-failed-1.png]]

[[ATTACHMENT|auth-logout-User-Logout-sh-725e6-ut-successfully-from-header-chromium\video.webm]]
]]>
</system-out>
</testcase>
<testcase name="User Logout › should clear user session data on logout" classname="auth\logout.spec.js" time="1.994">
<failure message="logout.spec.js:38:3 should clear user session data on logout" type="FAILURE">
<![CDATA[  [chromium] › auth\logout.spec.js:38:3 › User Logout › should clear user session data on logout ───

    Error: page.evaluate: SecurityError: Failed to read the 'localStorage' property from 'Window': Access is denied for this document.
        at UtilityScript.evaluate (<anonymous>:293:16)
        at UtilityScript.<anonymous> (<anonymous>:1:44)
        at UtilityScript.evaluate (<anonymous>:293:16)
        at UtilityScript.<anonymous> (<anonymous>:1:44)
        at TestHelpers.clearStorage (C:\Users\boatu\Downloads\upskill-main\upskill-main\buyit\e2e\support\test-helpers.js:106:21)
        at C:\Users\boatu\Downloads\upskill-main\upskill-main\buyit\e2e\tests\auth\logout.spec.js:17:19

    attachment #1: screenshot (image/png) ──────────────────────────────────────────────────────────
    ..\test-results\auth-logout-User-Logout-sh-23a2e-user-session-data-on-logout-chromium\test-failed-1.png
    ────────────────────────────────────────────────────────────────────────────────────────────────

    attachment #2: video (video/webm) ──────────────────────────────────────────────────────────────
    ..\test-results\auth-logout-User-Logout-sh-23a2e-user-session-data-on-logout-chromium\video.webm
    ────────────────────────────────────────────────────────────────────────────────────────────────
]]>
</failure>
<system-out>
<![CDATA[
[[ATTACHMENT|auth-logout-User-Logout-sh-23a2e-user-session-data-on-logout-chromium\test-failed-1.png]]

[[ATTACHMENT|auth-logout-User-Logout-sh-23a2e-user-session-data-on-logout-chromium\video.webm]]
]]>
</system-out>
</testcase>
<testcase name="User Logout › should redirect to login when accessing protected routes after logout" classname="auth\logout.spec.js" time="2.151">
<failure message="logout.spec.js:51:3 should redirect to login when accessing protected routes after logout" type="FAILURE">
<![CDATA[  [chromium] › auth\logout.spec.js:51:3 › User Logout › should redirect to login when accessing protected routes after logout 

    Error: page.evaluate: SecurityError: Failed to read the 'localStorage' property from 'Window': Access is denied for this document.
        at UtilityScript.evaluate (<anonymous>:293:16)
        at UtilityScript.<anonymous> (<anonymous>:1:44)
        at UtilityScript.evaluate (<anonymous>:293:16)
        at UtilityScript.<anonymous> (<anonymous>:1:44)
        at TestHelpers.clearStorage (C:\Users\boatu\Downloads\upskill-main\upskill-main\buyit\e2e\support\test-helpers.js:106:21)
        at C:\Users\boatu\Downloads\upskill-main\upskill-main\buyit\e2e\tests\auth\logout.spec.js:17:19

    attachment #1: screenshot (image/png) ──────────────────────────────────────────────────────────
    ..\test-results\auth-logout-User-Logout-sh-4ced1-otected-routes-after-logout-chromium\test-failed-1.png
    ────────────────────────────────────────────────────────────────────────────────────────────────

    attachment #2: video (video/webm) ──────────────────────────────────────────────────────────────
    ..\test-results\auth-logout-User-Logout-sh-4ced1-otected-routes-after-logout-chromium\video.webm
    ────────────────────────────────────────────────────────────────────────────────────────────────
]]>
</failure>
<system-out>
<![CDATA[
[[ATTACHMENT|auth-logout-User-Logout-sh-4ced1-otected-routes-after-logout-chromium\test-failed-1.png]]

[[ATTACHMENT|auth-logout-User-Logout-sh-4ced1-otected-routes-after-logout-chromium\video.webm]]
]]>
</system-out>
</testcase>
<testcase name="User Logout › should clear cart data on logout (if applicable)" classname="auth\logout.spec.js" time="2.37">
<failure message="logout.spec.js:62:3 should clear cart data on logout (if applicable)" type="FAILURE">
<![CDATA[  [chromium] › auth\logout.spec.js:62:3 › User Logout › should clear cart data on logout (if applicable) 

    Error: page.evaluate: SecurityError: Failed to read the 'localStorage' property from 'Window': Access is denied for this document.
        at UtilityScript.evaluate (<anonymous>:293:16)
        at UtilityScript.<anonymous> (<anonymous>:1:44)
        at UtilityScript.evaluate (<anonymous>:293:16)
        at UtilityScript.<anonymous> (<anonymous>:1:44)
        at TestHelpers.clearStorage (C:\Users\boatu\Downloads\upskill-main\upskill-main\buyit\e2e\support\test-helpers.js:106:21)
        at C:\Users\boatu\Downloads\upskill-main\upskill-main\buyit\e2e\tests\auth\logout.spec.js:17:19

    attachment #1: screenshot (image/png) ──────────────────────────────────────────────────────────
    ..\test-results\auth-logout-User-Logout-sh-fbb35-ta-on-logout-if-applicable--chromium\test-failed-1.png
    ────────────────────────────────────────────────────────────────────────────────────────────────

    attachment #2: video (video/webm) ──────────────────────────────────────────────────────────────
    ..\test-results\auth-logout-User-Logout-sh-fbb35-ta-on-logout-if-applicable--chromium\video.webm
    ────────────────────────────────────────────────────────────────────────────────────────────────
]]>
</failure>
<system-out>
<![CDATA[
[[ATTACHMENT|auth-logout-User-Logout-sh-fbb35-ta-on-logout-if-applicable--chromium\test-failed-1.png]]

[[ATTACHMENT|auth-logout-User-Logout-sh-fbb35-ta-on-logout-if-applicable--chromium\video.webm]]
]]>
</system-out>
</testcase>
<testcase name="User Logout › should prevent access to user menu after logout" classname="auth\logout.spec.js" time="0.953">
<failure message="logout.spec.js:84:3 should prevent access to user menu after logout" type="FAILURE">
<![CDATA[  [chromium] › auth\logout.spec.js:84:3 › User Logout › should prevent access to user menu after logout 

    Error: page.evaluate: SecurityError: Failed to read the 'localStorage' property from 'Window': Access is denied for this document.
        at UtilityScript.evaluate (<anonymous>:293:16)
        at UtilityScript.<anonymous> (<anonymous>:1:44)
        at UtilityScript.evaluate (<anonymous>:293:16)
        at UtilityScript.<anonymous> (<anonymous>:1:44)
        at TestHelpers.clearStorage (C:\Users\boatu\Downloads\upskill-main\upskill-main\buyit\e2e\support\test-helpers.js:106:21)
        at C:\Users\boatu\Downloads\upskill-main\upskill-main\buyit\e2e\tests\auth\logout.spec.js:17:19

    attachment #1: screenshot (image/png) ──────────────────────────────────────────────────────────
    ..\test-results\auth-logout-User-Logout-sh-18d6b-s-to-user-menu-after-logout-chromium\test-failed-1.png
    ────────────────────────────────────────────────────────────────────────────────────────────────

    attachment #2: video (video/webm) ──────────────────────────────────────────────────────────────
    ..\test-results\auth-logout-User-Logout-sh-18d6b-s-to-user-menu-after-logout-chromium\video.webm
    ────────────────────────────────────────────────────────────────────────────────────────────────
]]>
</failure>
<system-out>
<![CDATA[
[[ATTACHMENT|auth-logout-User-Logout-sh-18d6b-s-to-user-menu-after-logout-chromium\test-failed-1.png]]

[[ATTACHMENT|auth-logout-User-Logout-sh-18d6b-s-to-user-menu-after-logout-chromium\video.webm]]
]]>
</system-out>
</testcase>
<testcase name="User Logout › should handle logout when already logged out" classname="auth\logout.spec.js" time="1.005">
<failure message="logout.spec.js:93:3 should handle logout when already logged out" type="FAILURE">
<![CDATA[  [chromium] › auth\logout.spec.js:93:3 › User Logout › should handle logout when already logged out 

    Error: page.evaluate: SecurityError: Failed to read the 'localStorage' property from 'Window': Access is denied for this document.
        at UtilityScript.evaluate (<anonymous>:293:16)
        at UtilityScript.<anonymous> (<anonymous>:1:44)
        at UtilityScript.evaluate (<anonymous>:293:16)
        at UtilityScript.<anonymous> (<anonymous>:1:44)
        at TestHelpers.clearStorage (C:\Users\boatu\Downloads\upskill-main\upskill-main\buyit\e2e\support\test-helpers.js:106:21)
        at C:\Users\boatu\Downloads\upskill-main\upskill-main\buyit\e2e\tests\auth\logout.spec.js:17:19

    attachment #1: screenshot (image/png) ──────────────────────────────────────────────────────────
    ..\test-results\auth-logout-User-Logout-sh-31339-out-when-already-logged-out-chromium\test-failed-1.png
    ────────────────────────────────────────────────────────────────────────────────────────────────

    attachment #2: video (video/webm) ──────────────────────────────────────────────────────────────
    ..\test-results\auth-logout-User-Logout-sh-31339-out-when-already-logged-out-chromium\video.webm
    ────────────────────────────────────────────────────────────────────────────────────────────────
]]>
</failure>
<system-out>
<![CDATA[
[[ATTACHMENT|auth-logout-User-Logout-sh-31339-out-when-already-logged-out-chromium\test-failed-1.png]]

[[ATTACHMENT|auth-logout-User-Logout-sh-31339-out-when-already-logged-out-chromium\video.webm]]
]]>
</system-out>
</testcase>
<testcase name="User Logout › should handle network error during logout" classname="auth\logout.spec.js" time="0.908">
<failure message="logout.spec.js:108:3 should handle network error during logout" type="FAILURE">
<![CDATA[  [chromium] › auth\logout.spec.js:108:3 › User Logout › should handle network error during logout ─

    Error: page.evaluate: SecurityError: Failed to read the 'localStorage' property from 'Window': Access is denied for this document.
        at UtilityScript.evaluate (<anonymous>:293:16)
        at UtilityScript.<anonymous> (<anonymous>:1:44)
        at UtilityScript.evaluate (<anonymous>:293:16)
        at UtilityScript.<anonymous> (<anonymous>:1:44)
        at TestHelpers.clearStorage (C:\Users\boatu\Downloads\upskill-main\upskill-main\buyit\e2e\support\test-helpers.js:106:21)
        at C:\Users\boatu\Downloads\upskill-main\upskill-main\buyit\e2e\tests\auth\logout.spec.js:17:19

    attachment #1: screenshot (image/png) ──────────────────────────────────────────────────────────
    ..\test-results\auth-logout-User-Logout-sh-b3f69-network-error-during-logout-chromium\test-failed-1.png
    ────────────────────────────────────────────────────────────────────────────────────────────────

    attachment #2: video (video/webm) ──────────────────────────────────────────────────────────────
    ..\test-results\auth-logout-User-Logout-sh-b3f69-network-error-during-logout-chromium\video.webm
    ────────────────────────────────────────────────────────────────────────────────────────────────
]]>
</failure>
<system-out>
<![CDATA[
[[ATTACHMENT|auth-logout-User-Logout-sh-b3f69-network-error-during-logout-chromium\test-failed-1.png]]

[[ATTACHMENT|auth-logout-User-Logout-sh-b3f69-network-error-during-logout-chromium\video.webm]]
]]>
</system-out>
</testcase>
<testcase name="User Logout › should logout from multiple tabs/windows" classname="auth\logout.spec.js" time="0.927">
<failure message="logout.spec.js:121:3 should logout from multiple tabs/windows" type="FAILURE">
<![CDATA[  [chromium] › auth\logout.spec.js:121:3 › User Logout › should logout from multiple tabs/windows ──

    Error: page.evaluate: SecurityError: Failed to read the 'localStorage' property from 'Window': Access is denied for this document.
        at UtilityScript.evaluate (<anonymous>:293:16)
        at UtilityScript.<anonymous> (<anonymous>:1:44)
        at UtilityScript.evaluate (<anonymous>:293:16)
        at UtilityScript.<anonymous> (<anonymous>:1:44)
        at TestHelpers.clearStorage (C:\Users\boatu\Downloads\upskill-main\upskill-main\buyit\e2e\support\test-helpers.js:106:21)
        at C:\Users\boatu\Downloads\upskill-main\upskill-main\buyit\e2e\tests\auth\logout.spec.js:17:19

    attachment #1: screenshot (image/png) ──────────────────────────────────────────────────────────
    ..\test-results\auth-logout-User-Logout-sh-e1140--from-multiple-tabs-windows-chromium\test-failed-1.png
    ────────────────────────────────────────────────────────────────────────────────────────────────

    attachment #2: video (video/webm) ──────────────────────────────────────────────────────────────
    ..\test-results\auth-logout-User-Logout-sh-e1140--from-multiple-tabs-windows-chromium\video.webm
    ────────────────────────────────────────────────────────────────────────────────────────────────
]]>
</failure>
<system-out>
<![CDATA[
[[ATTACHMENT|auth-logout-User-Logout-sh-e1140--from-multiple-tabs-windows-chromium\test-failed-1.png]]

[[ATTACHMENT|auth-logout-User-Logout-sh-e1140--from-multiple-tabs-windows-chromium\video.webm]]
]]>
</system-out>
</testcase>
<testcase name="User Logout › should maintain logout state after browser refresh" classname="auth\logout.spec.js" time="0">
<skipped>
</skipped>
</testcase>
<testcase name="User Logout › should redirect to appropriate page after logout based on current location" classname="auth\logout.spec.js" time="0">
<skipped>
</skipped>
</testcase>
<testcase name="User Logout › should clear sensitive data from browser storage" classname="auth\logout.spec.js" time="0">
<skipped>
</skipped>
</testcase>
<testcase name="User Logout › should show confirmation dialog for logout (if implemented)" classname="auth\logout.spec.js" time="0">
<skipped>
</skipped>
</testcase>
<testcase name="User Logout › should handle logout timeout gracefully" classname="auth\logout.spec.js" time="0">
<skipped>
</skipped>
</testcase>
<testcase name="User Logout › Mobile Logout › should logout successfully on mobile" classname="auth\logout.spec.js" time="0">
<skipped>
</skipped>
</testcase>
<testcase name="User Logout › Mobile Logout › should handle mobile menu logout" classname="auth\logout.spec.js" time="0">
<skipped>
</skipped>
</testcase>
<testcase name="User Logout › Security › should invalidate session token on server" classname="auth\logout.spec.js" time="0">
<skipped>
</skipped>
</testcase>
<testcase name="User Logout › Security › should prevent CSRF attacks during logout" classname="auth\logout.spec.js" time="0">
<skipped>
</skipped>
</testcase>
<testcase name="User Logout › Performance › should logout quickly" classname="auth\logout.spec.js" time="0">
<skipped>
</skipped>
</testcase>
</testsuite>
<testsuite name="auth\register.spec.js" timestamp="2025-08-31T18:52:28.596Z" hostname="chromium" tests="26" failures="0" skipped="26" time="0" errors="0">
<testcase name="User Registration › should display registration form correctly" classname="auth\register.spec.js" time="0">
<skipped>
</skipped>
</testcase>
<testcase name="User Registration › should register new user with valid data" classname="auth\register.spec.js" time="0">
<skipped>
</skipped>
</testcase>
<testcase name="User Registration › should show validation error for empty required fields" classname="auth\register.spec.js" time="0">
<skipped>
</skipped>
</testcase>
<testcase name="User Registration › should validate name requirements" classname="auth\register.spec.js" time="0">
<skipped>
</skipped>
</testcase>
<testcase name="User Registration › should validate email format" classname="auth\register.spec.js" time="0">
<skipped>
</skipped>
</testcase>
<testcase name="User Registration › should validate password strength" classname="auth\register.spec.js" time="0">
<skipped>
</skipped>
</testcase>
<testcase name="User Registration › should validate password confirmation matching" classname="auth\register.spec.js" time="0">
<skipped>
</skipped>
</testcase>
<testcase name="User Registration › should show error for duplicate email registration" classname="auth\register.spec.js" time="0">
<skipped>
</skipped>
</testcase>
<testcase name="User Registration › should navigate to login page" classname="auth\register.spec.js" time="0">
<skipped>
</skipped>
</testcase>
<testcase name="User Registration › should handle special characters in name" classname="auth\register.spec.js" time="0">
<skipped>
</skipped>
</testcase>
<testcase name="User Registration › should handle international characters in name" classname="auth\register.spec.js" time="0">
<skipped>
</skipped>
</testcase>
<testcase name="User Registration › should trim whitespace from inputs" classname="auth\register.spec.js" time="0">
<skipped>
</skipped>
</testcase>
<testcase name="User Registration › should handle network error gracefully" classname="auth\register.spec.js" time="0">
<skipped>
</skipped>
</testcase>
<testcase name="User Registration › should disable register button while loading" classname="auth\register.spec.js" time="0">
<skipped>
</skipped>
</testcase>
<testcase name="User Registration › should show server validation errors" classname="auth\register.spec.js" time="0">
<skipped>
</skipped>
</testcase>
<testcase name="User Registration › should auto-login after successful registration" classname="auth\register.spec.js" time="0">
<skipped>
</skipped>
</testcase>
<testcase name="User Registration › should preserve form data on validation error" classname="auth\register.spec.js" time="0">
<skipped>
</skipped>
</testcase>
<testcase name="User Registration › should show password strength indicator" classname="auth\register.spec.js" time="0">
<skipped>
</skipped>
</testcase>
<testcase name="User Registration › Mobile Registration › should register successfully on mobile" classname="auth\register.spec.js" time="0">
<skipped>
</skipped>
</testcase>
<testcase name="User Registration › Mobile Registration › should have proper mobile form layout" classname="auth\register.spec.js" time="0">
<skipped>
</skipped>
</testcase>
<testcase name="User Registration › Mobile Registration › should handle mobile keyboard types" classname="auth\register.spec.js" time="0">
<skipped>
</skipped>
</testcase>
<testcase name="User Registration › Accessibility › should be accessible with keyboard navigation" classname="auth\register.spec.js" time="0">
<skipped>
</skipped>
</testcase>
<testcase name="User Registration › Accessibility › should have proper ARIA labels and roles" classname="auth\register.spec.js" time="0">
<skipped>
</skipped>
</testcase>
<testcase name="User Registration › Accessibility › should announce validation errors to screen readers" classname="auth\register.spec.js" time="0">
<skipped>
</skipped>
</testcase>
<testcase name="User Registration › Security › should not show password in plain text" classname="auth\register.spec.js" time="0">
<skipped>
</skipped>
</testcase>
<testcase name="User Registration › Security › should handle XSS in name field" classname="auth\register.spec.js" time="0">
<skipped>
</skipped>
</testcase>
</testsuite>
<testsuite name="shopping\browse-products.spec.js" timestamp="2025-08-31T18:52:28.596Z" hostname="chromium" tests="26" failures="0" skipped="26" time="0" errors="0">
<testcase name="Product Browsing › should display products on homepage" classname="shopping\browse-products.spec.js" time="0">
<skipped>
</skipped>
</testcase>
<testcase name="Product Browsing › should display product information correctly" classname="shopping\browse-products.spec.js" time="0">
<skipped>
</skipped>
</testcase>
<testcase name="Product Browsing › should navigate to product details when clicked" classname="shopping\browse-products.spec.js" time="0">
<skipped>
</skipped>
</testcase>
<testcase name="Product Browsing › should search for products successfully" classname="shopping\browse-products.spec.js" time="0">
<skipped>
</skipped>
</testcase>
<testcase name="Product Browsing › should filter products by category" classname="shopping\browse-products.spec.js" time="0">
<skipped>
</skipped>
</testcase>
<testcase name="Product Browsing › should sort products correctly" classname="shopping\browse-products.spec.js" time="0">
<skipped>
</skipped>
</testcase>
<testcase name="Product Browsing › should handle search with no results" classname="shopping\browse-products.spec.js" time="0">
<skipped>
</skipped>
</testcase>
<testcase name="Product Browsing › should display hero section if available" classname="shopping\browse-products.spec.js" time="0">
<skipped>
</skipped>
</testcase>
<testcase name="Product Browsing › should display featured products if available" classname="shopping\browse-products.spec.js" time="0">
<skipped>
</skipped>
</testcase>
<testcase name="Product Browsing › should handle product interactions" classname="shopping\browse-products.spec.js" time="0">
<skipped>
</skipped>
</testcase>
<testcase name="Product Browsing › should be responsive on different screen sizes" classname="shopping\browse-products.spec.js" time="0">
<skipped>
</skipped>
</testcase>
<testcase name="Product Browsing › should load more products if pagination exists" classname="shopping\browse-products.spec.js" time="0">
<skipped>
</skipped>
</testcase>
<testcase name="Product Browsing › should maintain state when navigating back" classname="shopping\browse-products.spec.js" time="0">
<skipped>
</skipped>
</testcase>
<testcase name="Product Browsing › should handle empty search gracefully" classname="shopping\browse-products.spec.js" time="0">
<skipped>
</skipped>
</testcase>
<testcase name="Product Browsing › should handle special characters in search" classname="shopping\browse-products.spec.js" time="0">
<skipped>
</skipped>
</testcase>
<testcase name="Product Browsing › should verify product card accessibility" classname="shopping\browse-products.spec.js" time="0">
<skipped>
</skipped>
</testcase>
<testcase name="Product Browsing › should handle slow loading gracefully" classname="shopping\browse-products.spec.js" time="0">
<skipped>
</skipped>
</testcase>
<testcase name="Product Browsing › should handle network errors gracefully" classname="shopping\browse-products.spec.js" time="0">
<skipped>
</skipped>
</testcase>
<testcase name="Product Browsing › Guest User Experience › should allow browsing without login" classname="shopping\browse-products.spec.js" time="0">
<skipped>
</skipped>
</testcase>
<testcase name="Product Browsing › Guest User Experience › should allow searching without login" classname="shopping\browse-products.spec.js" time="0">
<skipped>
</skipped>
</testcase>
<testcase name="Product Browsing › Guest User Experience › should handle add to cart for guest users" classname="shopping\browse-products.spec.js" time="0">
<skipped>
</skipped>
</testcase>
<testcase name="Product Browsing › Logged In User Experience › should show user-specific features when logged in" classname="shopping\browse-products.spec.js" time="0">
<skipped>
</skipped>
</testcase>
<testcase name="Product Browsing › Logged In User Experience › should allow adding products to cart when logged in" classname="shopping\browse-products.spec.js" time="0">
<skipped>
</skipped>
</testcase>
<testcase name="Product Browsing › Logged In User Experience › should maintain cart state across page navigation" classname="shopping\browse-products.spec.js" time="0">
<skipped>
</skipped>
</testcase>
<testcase name="Product Browsing › Performance › should load products within reasonable time" classname="shopping\browse-products.spec.js" time="0">
<skipped>
</skipped>
</testcase>
<testcase name="Product Browsing › Performance › should handle large product catalogs" classname="shopping\browse-products.spec.js" time="0">
<skipped>
</skipped>
</testcase>
</testsuite>
<testsuite name="shopping\cart-management.spec.js" timestamp="2025-08-31T18:52:28.596Z" hostname="chromium" tests="27" failures="0" skipped="27" time="0" errors="0">
<testcase name="Cart Management › should display empty cart initially" classname="shopping\cart-management.spec.js" time="0">
<skipped>
</skipped>
</testcase>
<testcase name="Cart Management › should add product to cart from homepage" classname="shopping\cart-management.spec.js" time="0">
<skipped>
</skipped>
</testcase>
<testcase name="Cart Management › should display correct product information in cart" classname="shopping\cart-management.spec.js" time="0">
<skipped>
</skipped>
</testcase>
<testcase name="Cart Management › should update item quantity successfully" classname="shopping\cart-management.spec.js" time="0">
<skipped>
</skipped>
</testcase>
<testcase name="Cart Management › should calculate cart totals correctly" classname="shopping\cart-management.spec.js" time="0">
<skipped>
</skipped>
</testcase>
<testcase name="Cart Management › should remove item from cart" classname="shopping\cart-management.spec.js" time="0">
<skipped>
</skipped>
</testcase>
<testcase name="Cart Management › should handle quantity increase" classname="shopping\cart-management.spec.js" time="0">
<skipped>
</skipped>
</testcase>
<testcase name="Cart Management › should handle quantity decrease" classname="shopping\cart-management.spec.js" time="0">
<skipped>
</skipped>
</testcase>
<testcase name="Cart Management › should handle minimum quantity (remove item when quantity becomes 0)" classname="shopping\cart-management.spec.js" time="0">
<skipped>
</skipped>
</testcase>
<testcase name="Cart Management › should validate maximum quantity limits" classname="shopping\cart-management.spec.js" time="0">
<skipped>
</skipped>
</testcase>
<testcase name="Cart Management › should persist cart state across page refreshes" classname="shopping\cart-management.spec.js" time="0">
<skipped>
</skipped>
</testcase>
<testcase name="Cart Management › should clear entire cart" classname="shopping\cart-management.spec.js" time="0">
<skipped>
</skipped>
</testcase>
<testcase name="Cart Management › should navigate to checkout with items in cart" classname="shopping\cart-management.spec.js" time="0">
<skipped>
</skipped>
</testcase>
<testcase name="Cart Management › should disable checkout button for empty cart" classname="shopping\cart-management.spec.js" time="0">
<skipped>
</skipped>
</testcase>
<testcase name="Cart Management › should continue shopping from cart" classname="shopping\cart-management.spec.js" time="0">
<skipped>
</skipped>
</testcase>
<testcase name="Cart Management › should apply coupon code if feature exists" classname="shopping\cart-management.spec.js" time="0">
<skipped>
</skipped>
</testcase>
<testcase name="Cart Management › should handle adding same product multiple times" classname="shopping\cart-management.spec.js" time="0">
<skipped>
</skipped>
</testcase>
<testcase name="Cart Management › should maintain cart state when switching between pages" classname="shopping\cart-management.spec.js" time="0">
<skipped>
</skipped>
</testcase>
<testcase name="Cart Management › should handle network errors gracefully" classname="shopping\cart-management.spec.js" time="0">
<skipped>
</skipped>
</testcase>
<testcase name="Cart Management › should display loading states during cart operations" classname="shopping\cart-management.spec.js" time="0">
<skipped>
</skipped>
</testcase>
<testcase name="Cart Management › Mobile Cart Experience › should work correctly on mobile devices" classname="shopping\cart-management.spec.js" time="0">
<skipped>
</skipped>
</testcase>
<testcase name="Cart Management › Mobile Cart Experience › should have touch-friendly quantity controls" classname="shopping\cart-management.spec.js" time="0">
<skipped>
</skipped>
</testcase>
<testcase name="Cart Management › Accessibility › should be keyboard accessible" classname="shopping\cart-management.spec.js" time="0">
<skipped>
</skipped>
</testcase>
<testcase name="Cart Management › Accessibility › should have proper ARIA labels" classname="shopping\cart-management.spec.js" time="0">
<skipped>
</skipped>
</testcase>
<testcase name="Cart Management › Accessibility › should announce cart updates to screen readers" classname="shopping\cart-management.spec.js" time="0">
<skipped>
</skipped>
</testcase>
<testcase name="Cart Management › Performance › should handle large quantities efficiently" classname="shopping\cart-management.spec.js" time="0">
<skipped>
</skipped>
</testcase>
<testcase name="Cart Management › Performance › should handle multiple cart operations efficiently" classname="shopping\cart-management.spec.js" time="0">
<skipped>
</skipped>
</testcase>
</testsuite>
<testsuite name="auth\login.spec.js" timestamp="2025-08-31T18:52:28.596Z" hostname="firefox" tests="18" failures="0" skipped="18" time="0" errors="0">
<testcase name="User Login › should display login form correctly" classname="auth\login.spec.js" time="0">
<skipped>
</skipped>
</testcase>
<testcase name="User Login › should login with valid credentials" classname="auth\login.spec.js" time="0">
<skipped>
</skipped>
</testcase>
<testcase name="User Login › should show error with invalid credentials" classname="auth\login.spec.js" time="0">
<skipped>
</skipped>
</testcase>
<testcase name="User Login › should show validation error for empty email" classname="auth\login.spec.js" time="0">
<skipped>
</skipped>
</testcase>
<testcase name="User Login › should show validation error for empty password" classname="auth\login.spec.js" time="0">
<skipped>
</skipped>
</testcase>
<testcase name="User Login › should show validation error for invalid email format" classname="auth\login.spec.js" time="0">
<skipped>
</skipped>
</testcase>
<testcase name="User Login › should navigate to register page" classname="auth\login.spec.js" time="0">
<skipped>
</skipped>
</testcase>
<testcase name="User Login › should remember login state after page refresh" classname="auth\login.spec.js" time="0">
<skipped>
</skipped>
</testcase>
<testcase name="User Login › should handle network error gracefully" classname="auth\login.spec.js" time="0">
<skipped>
</skipped>
</testcase>
<testcase name="User Login › should disable login button while loading" classname="auth\login.spec.js" time="0">
<skipped>
</skipped>
</testcase>
<testcase name="User Login › should clear form data after failed login" classname="auth\login.spec.js" time="0">
<skipped>
</skipped>
</testcase>
<testcase name="User Login › should maintain cart state after login" classname="auth\login.spec.js" time="0">
<skipped>
</skipped>
</testcase>
<testcase name="User Login › should redirect to intended page after login" classname="auth\login.spec.js" time="0">
<skipped>
</skipped>
</testcase>
<testcase name="User Login › should show appropriate error for too many failed attempts" classname="auth\login.spec.js" time="0">
<skipped>
</skipped>
</testcase>
<testcase name="User Login › Mobile Login › should login successfully on mobile" classname="auth\login.spec.js" time="0">
<skipped>
</skipped>
</testcase>
<testcase name="User Login › Mobile Login › should have proper mobile form layout" classname="auth\login.spec.js" time="0">
<skipped>
</skipped>
</testcase>
<testcase name="User Login › Accessibility › should be accessible with keyboard navigation" classname="auth\login.spec.js" time="0">
<skipped>
</skipped>
</testcase>
<testcase name="User Login › Accessibility › should have proper ARIA labels and roles" classname="auth\login.spec.js" time="0">
<skipped>
</skipped>
</testcase>
</testsuite>
<testsuite name="auth\logout.spec.js" timestamp="2025-08-31T18:52:28.596Z" hostname="firefox" tests="18" failures="0" skipped="18" time="0" errors="0">
<testcase name="User Logout › should logout successfully from header" classname="auth\logout.spec.js" time="0">
<skipped>
</skipped>
</testcase>
<testcase name="User Logout › should clear user session data on logout" classname="auth\logout.spec.js" time="0">
<skipped>
</skipped>
</testcase>
<testcase name="User Logout › should redirect to login when accessing protected routes after logout" classname="auth\logout.spec.js" time="0">
<skipped>
</skipped>
</testcase>
<testcase name="User Logout › should clear cart data on logout (if applicable)" classname="auth\logout.spec.js" time="0">
<skipped>
</skipped>
</testcase>
<testcase name="User Logout › should prevent access to user menu after logout" classname="auth\logout.spec.js" time="0">
<skipped>
</skipped>
</testcase>
<testcase name="User Logout › should handle logout when already logged out" classname="auth\logout.spec.js" time="0">
<skipped>
</skipped>
</testcase>
<testcase name="User Logout › should handle network error during logout" classname="auth\logout.spec.js" time="0">
<skipped>
</skipped>
</testcase>
<testcase name="User Logout › should logout from multiple tabs/windows" classname="auth\logout.spec.js" time="0">
<skipped>
</skipped>
</testcase>
<testcase name="User Logout › should maintain logout state after browser refresh" classname="auth\logout.spec.js" time="0">
<skipped>
</skipped>
</testcase>
<testcase name="User Logout › should redirect to appropriate page after logout based on current location" classname="auth\logout.spec.js" time="0">
<skipped>
</skipped>
</testcase>
<testcase name="User Logout › should clear sensitive data from browser storage" classname="auth\logout.spec.js" time="0">
<skipped>
</skipped>
</testcase>
<testcase name="User Logout › should show confirmation dialog for logout (if implemented)" classname="auth\logout.spec.js" time="0">
<skipped>
</skipped>
</testcase>
<testcase name="User Logout › should handle logout timeout gracefully" classname="auth\logout.spec.js" time="0">
<skipped>
</skipped>
</testcase>
<testcase name="User Logout › Mobile Logout › should logout successfully on mobile" classname="auth\logout.spec.js" time="0">
<skipped>
</skipped>
</testcase>
<testcase name="User Logout › Mobile Logout › should handle mobile menu logout" classname="auth\logout.spec.js" time="0">
<skipped>
</skipped>
</testcase>
<testcase name="User Logout › Security › should invalidate session token on server" classname="auth\logout.spec.js" time="0">
<skipped>
</skipped>
</testcase>
<testcase name="User Logout › Security › should prevent CSRF attacks during logout" classname="auth\logout.spec.js" time="0">
<skipped>
</skipped>
</testcase>
<testcase name="User Logout › Performance › should logout quickly" classname="auth\logout.spec.js" time="0">
<skipped>
</skipped>
</testcase>
</testsuite>
<testsuite name="auth\register.spec.js" timestamp="2025-08-31T18:52:28.596Z" hostname="firefox" tests="26" failures="0" skipped="26" time="0" errors="0">
<testcase name="User Registration › should display registration form correctly" classname="auth\register.spec.js" time="0">
<skipped>
</skipped>
</testcase>
<testcase name="User Registration › should register new user with valid data" classname="auth\register.spec.js" time="0">
<skipped>
</skipped>
</testcase>
<testcase name="User Registration › should show validation error for empty required fields" classname="auth\register.spec.js" time="0">
<skipped>
</skipped>
</testcase>
<testcase name="User Registration › should validate name requirements" classname="auth\register.spec.js" time="0">
<skipped>
</skipped>
</testcase>
<testcase name="User Registration › should validate email format" classname="auth\register.spec.js" time="0">
<skipped>
</skipped>
</testcase>
<testcase name="User Registration › should validate password strength" classname="auth\register.spec.js" time="0">
<skipped>
</skipped>
</testcase>
<testcase name="User Registration › should validate password confirmation matching" classname="auth\register.spec.js" time="0">
<skipped>
</skipped>
</testcase>
<testcase name="User Registration › should show error for duplicate email registration" classname="auth\register.spec.js" time="0">
<skipped>
</skipped>
</testcase>
<testcase name="User Registration › should navigate to login page" classname="auth\register.spec.js" time="0">
<skipped>
</skipped>
</testcase>
<testcase name="User Registration › should handle special characters in name" classname="auth\register.spec.js" time="0">
<skipped>
</skipped>
</testcase>
<testcase name="User Registration › should handle international characters in name" classname="auth\register.spec.js" time="0">
<skipped>
</skipped>
</testcase>
<testcase name="User Registration › should trim whitespace from inputs" classname="auth\register.spec.js" time="0">
<skipped>
</skipped>
</testcase>
<testcase name="User Registration › should handle network error gracefully" classname="auth\register.spec.js" time="0">
<skipped>
</skipped>
</testcase>
<testcase name="User Registration › should disable register button while loading" classname="auth\register.spec.js" time="0">
<skipped>
</skipped>
</testcase>
<testcase name="User Registration › should show server validation errors" classname="auth\register.spec.js" time="0">
<skipped>
</skipped>
</testcase>
<testcase name="User Registration › should auto-login after successful registration" classname="auth\register.spec.js" time="0">
<skipped>
</skipped>
</testcase>
<testcase name="User Registration › should preserve form data on validation error" classname="auth\register.spec.js" time="0">
<skipped>
</skipped>
</testcase>
<testcase name="User Registration › should show password strength indicator" classname="auth\register.spec.js" time="0">
<skipped>
</skipped>
</testcase>
<testcase name="User Registration › Mobile Registration › should register successfully on mobile" classname="auth\register.spec.js" time="0">
<skipped>
</skipped>
</testcase>
<testcase name="User Registration › Mobile Registration › should have proper mobile form layout" classname="auth\register.spec.js" time="0">
<skipped>
</skipped>
</testcase>
<testcase name="User Registration › Mobile Registration › should handle mobile keyboard types" classname="auth\register.spec.js" time="0">
<skipped>
</skipped>
</testcase>
<testcase name="User Registration › Accessibility › should be accessible with keyboard navigation" classname="auth\register.spec.js" time="0">
<skipped>
</skipped>
</testcase>
<testcase name="User Registration › Accessibility › should have proper ARIA labels and roles" classname="auth\register.spec.js" time="0">
<skipped>
</skipped>
</testcase>
<testcase name="User Registration › Accessibility › should announce validation errors to screen readers" classname="auth\register.spec.js" time="0">
<skipped>
</skipped>
</testcase>
<testcase name="User Registration › Security › should not show password in plain text" classname="auth\register.spec.js" time="0">
<skipped>
</skipped>
</testcase>
<testcase name="User Registration › Security › should handle XSS in name field" classname="auth\register.spec.js" time="0">
<skipped>
</skipped>
</testcase>
</testsuite>
<testsuite name="shopping\browse-products.spec.js" timestamp="2025-08-31T18:52:28.596Z" hostname="firefox" tests="26" failures="0" skipped="26" time="0" errors="0">
<testcase name="Product Browsing › should display products on homepage" classname="shopping\browse-products.spec.js" time="0">
<skipped>
</skipped>
</testcase>
<testcase name="Product Browsing › should display product information correctly" classname="shopping\browse-products.spec.js" time="0">
<skipped>
</skipped>
</testcase>
<testcase name="Product Browsing › should navigate to product details when clicked" classname="shopping\browse-products.spec.js" time="0">
<skipped>
</skipped>
</testcase>
<testcase name="Product Browsing › should search for products successfully" classname="shopping\browse-products.spec.js" time="0">
<skipped>
</skipped>
</testcase>
<testcase name="Product Browsing › should filter products by category" classname="shopping\browse-products.spec.js" time="0">
<skipped>
</skipped>
</testcase>
<testcase name="Product Browsing › should sort products correctly" classname="shopping\browse-products.spec.js" time="0">
<skipped>
</skipped>
</testcase>
<testcase name="Product Browsing › should handle search with no results" classname="shopping\browse-products.spec.js" time="0">
<skipped>
</skipped>
</testcase>
<testcase name="Product Browsing › should display hero section if available" classname="shopping\browse-products.spec.js" time="0">
<skipped>
</skipped>
</testcase>
<testcase name="Product Browsing › should display featured products if available" classname="shopping\browse-products.spec.js" time="0">
<skipped>
</skipped>
</testcase>
<testcase name="Product Browsing › should handle product interactions" classname="shopping\browse-products.spec.js" time="0">
<skipped>
</skipped>
</testcase>
<testcase name="Product Browsing › should be responsive on different screen sizes" classname="shopping\browse-products.spec.js" time="0">
<skipped>
</skipped>
</testcase>
<testcase name="Product Browsing › should load more products if pagination exists" classname="shopping\browse-products.spec.js" time="0">
<skipped>
</skipped>
</testcase>
<testcase name="Product Browsing › should maintain state when navigating back" classname="shopping\browse-products.spec.js" time="0">
<skipped>
</skipped>
</testcase>
<testcase name="Product Browsing › should handle empty search gracefully" classname="shopping\browse-products.spec.js" time="0">
<skipped>
</skipped>
</testcase>
<testcase name="Product Browsing › should handle special characters in search" classname="shopping\browse-products.spec.js" time="0">
<skipped>
</skipped>
</testcase>
<testcase name="Product Browsing › should verify product card accessibility" classname="shopping\browse-products.spec.js" time="0">
<skipped>
</skipped>
</testcase>
<testcase name="Product Browsing › should handle slow loading gracefully" classname="shopping\browse-products.spec.js" time="0">
<skipped>
</skipped>
</testcase>
<testcase name="Product Browsing › should handle network errors gracefully" classname="shopping\browse-products.spec.js" time="0">
<skipped>
</skipped>
</testcase>
<testcase name="Product Browsing › Guest User Experience › should allow browsing without login" classname="shopping\browse-products.spec.js" time="0">
<skipped>
</skipped>
</testcase>
<testcase name="Product Browsing › Guest User Experience › should allow searching without login" classname="shopping\browse-products.spec.js" time="0">
<skipped>
</skipped>
</testcase>
<testcase name="Product Browsing › Guest User Experience › should handle add to cart for guest users" classname="shopping\browse-products.spec.js" time="0">
<skipped>
</skipped>
</testcase>
<testcase name="Product Browsing › Logged In User Experience › should show user-specific features when logged in" classname="shopping\browse-products.spec.js" time="0">
<skipped>
</skipped>
</testcase>
<testcase name="Product Browsing › Logged In User Experience › should allow adding products to cart when logged in" classname="shopping\browse-products.spec.js" time="0">
<skipped>
</skipped>
</testcase>
<testcase name="Product Browsing › Logged In User Experience › should maintain cart state across page navigation" classname="shopping\browse-products.spec.js" time="0">
<skipped>
</skipped>
</testcase>
<testcase name="Product Browsing › Performance › should load products within reasonable time" classname="shopping\browse-products.spec.js" time="0">
<skipped>
</skipped>
</testcase>
[...]
<skipped>
</skipped>
</testcase>
<testcase name="Cart Management › Performance › should handle multiple cart operations efficiently" classname="shopping\cart-management.spec.js" time="0">
<skipped>
</skipped>
</testcase>
</testsuite>
<testsuite name="auth\login.spec.js" timestamp="2025-08-31T18:52:28.596Z" hostname="Mobile Safari" tests="18" failures="0" skipped="18" time="0" errors="0">
<testcase name="User Login › should display login form correctly" classname="auth\login.spec.js" time="0">
<skipped>
</skipped>
</testcase>
<testcase name="User Login › should login with valid credentials" classname="auth\login.spec.js" time="0">
<skipped>
</skipped>
</testcase>
<testcase name="User Login › should show error with invalid credentials" classname="auth\login.spec.js" time="0">
<skipped>
</skipped>
</testcase>
<testcase name="User Login › should show validation error for empty email" classname="auth\login.spec.js" time="0">
<skipped>
</skipped>
</testcase>
<testcase name="User Login › should show validation error for empty password" classname="auth\login.spec.js" time="0">
<skipped>
</skipped>
</testcase>
<testcase name="User Login › should show validation error for invalid email format" classname="auth\login.spec.js" time="0">
<skipped>
</skipped>
</testcase>
<testcase name="User Login › should navigate to register page" classname="auth\login.spec.js" time="0">
<skipped>
</skipped>
</testcase>
<testcase name="User Login › should remember login state after page refresh" classname="auth\login.spec.js" time="0">
<skipped>
</skipped>
</testcase>
<testcase name="User Login › should handle network error gracefully" classname="auth\login.spec.js" time="0">
<skipped>
</skipped>
</testcase>
<testcase name="User Login › should disable login button while loading" classname="auth\login.spec.js" time="0">
<skipped>
</skipped>
</testcase>
<testcase name="User Login › should clear form data after failed login" classname="auth\login.spec.js" time="0">
<skipped>
</skipped>
</testcase>
<testcase name="User Login › should maintain cart state after login" classname="auth\login.spec.js" time="0">
<skipped>
</skipped>
</testcase>
<testcase name="User Login › should redirect to intended page after login" classname="auth\login.spec.js" time="0">
<skipped>
</skipped>
</testcase>
<testcase name="User Login › should show appropriate error for too many failed attempts" classname="auth\login.spec.js" time="0">
<skipped>
</skipped>
</testcase>
<testcase name="User Login › Mobile Login › should login successfully on mobile" classname="auth\login.spec.js" time="0">
<skipped>
</skipped>
</testcase>
<testcase name="User Login › Mobile Login › should have proper mobile form layout" classname="auth\login.spec.js" time="0">
<skipped>
</skipped>
</testcase>
<testcase name="User Login › Accessibility › should be accessible with keyboard navigation" classname="auth\login.spec.js" time="0">
<skipped>
</skipped>
</testcase>
<testcase name="User Login › Accessibility › should have proper ARIA labels and roles" classname="auth\login.spec.js" time="0">
<skipped>
</skipped>
</testcase>
</testsuite>
<testsuite name="auth\logout.spec.js" timestamp="2025-08-31T18:52:28.596Z" hostname="Mobile Safari" tests="18" failures="0" skipped="18" time="0" errors="0">
<testcase name="User Logout › should logout successfully from header" classname="auth\logout.spec.js" time="0">
<skipped>
</skipped>
</testcase>
<testcase name="User Logout › should clear user session data on logout" classname="auth\logout.spec.js" time="0">
<skipped>
</skipped>
</testcase>
<testcase name="User Logout › should redirect to login when accessing protected routes after logout" classname="auth\logout.spec.js" time="0">
<skipped>
</skipped>
</testcase>
<testcase name="User Logout › should clear cart data on logout (if applicable)" classname="auth\logout.spec.js" time="0">
<skipped>
</skipped>
</testcase>
<testcase name="User Logout › should prevent access to user menu after logout" classname="auth\logout.spec.js" time="0">
<skipped>
</skipped>
</testcase>
<testcase name="User Logout › should handle logout when already logged out" classname="auth\logout.spec.js" time="0">
<skipped>
</skipped>
</testcase>
<testcase name="User Logout › should handle network error during logout" classname="auth\logout.spec.js" time="0">
<skipped>
</skipped>
</testcase>
<testcase name="User Logout › should logout from multiple tabs/windows" classname="auth\logout.spec.js" time="0">
<skipped>
</skipped>
</testcase>
<testcase name="User Logout › should maintain logout state after browser refresh" classname="auth\logout.spec.js" time="0">
<skipped>
</skipped>
</testcase>
<testcase name="User Logout › should redirect to appropriate page after logout based on current location" classname="auth\logout.spec.js" time="0">
<skipped>
</skipped>
</testcase>
<testcase name="User Logout › should clear sensitive data from browser storage" classname="auth\logout.spec.js" time="0">
<skipped>
</skipped>
</testcase>
<testcase name="User Logout › should show confirmation dialog for logout (if implemented)" classname="auth\logout.spec.js" time="0">
<skipped>
</skipped>
</testcase>
<testcase name="User Logout › should handle logout timeout gracefully" classname="auth\logout.spec.js" time="0">
<skipped>
</skipped>
</testcase>
<testcase name="User Logout › Mobile Logout › should logout successfully on mobile" classname="auth\logout.spec.js" time="0">
<skipped>
</skipped>
</testcase>
<testcase name="User Logout › Mobile Logout › should handle mobile menu logout" classname="auth\logout.spec.js" time="0">
<skipped>
</skipped>
</testcase>
<testcase name="User Logout › Security › should invalidate session token on server" classname="auth\logout.spec.js" time="0">
<skipped>
</skipped>
</testcase>
<testcase name="User Logout › Security › should prevent CSRF attacks during logout" classname="auth\logout.spec.js" time="0">
<skipped>
</skipped>
</testcase>
<testcase name="User Logout › Performance › should logout quickly" classname="auth\logout.spec.js" time="0">
<skipped>
</skipped>
</testcase>
</testsuite>
<testsuite name="auth\register.spec.js" timestamp="2025-08-31T18:52:28.596Z" hostname="Mobile Safari" tests="26" failures="0" skipped="26" time="0" errors="0">
<testcase name="User Registration › should display registration form correctly" classname="auth\register.spec.js" time="0">
<skipped>
</skipped>
</testcase>
<testcase name="User Registration › should register new user with valid data" classname="auth\register.spec.js" time="0">
<skipped>
</skipped>
</testcase>
<testcase name="User Registration › should show validation error for empty required fields" classname="auth\register.spec.js" time="0">
<skipped>
</skipped>
</testcase>
<testcase name="User Registration › should validate name requirements" classname="auth\register.spec.js" time="0">
<skipped>
</skipped>
</testcase>
<testcase name="User Registration › should validate email format" classname="auth\register.spec.js" time="0">
<skipped>
</skipped>
</testcase>
<testcase name="User Registration › should validate password strength" classname="auth\register.spec.js" time="0">
<skipped>
</skipped>
</testcase>
<testcase name="User Registration › should validate password confirmation matching" classname="auth\register.spec.js" time="0">
<skipped>
</skipped>
</testcase>
<testcase name="User Registration › should show error for duplicate email registration" classname="auth\register.spec.js" time="0">
<skipped>
</skipped>
</testcase>
<testcase name="User Registration › should navigate to login page" classname="auth\register.spec.js" time="0">
<skipped>
</skipped>
</testcase>
<testcase name="User Registration › should handle special characters in name" classname="auth\register.spec.js" time="0">
<skipped>
</skipped>
</testcase>
<testcase name="User Registration › should handle international characters in name" classname="auth\register.spec.js" time="0">
<skipped>
</skipped>
</testcase>
<testcase name="User Registration › should trim whitespace from inputs" classname="auth\register.spec.js" time="0">
<skipped>
</skipped>
</testcase>
<testcase name="User Registration › should handle network error gracefully" classname="auth\register.spec.js" time="0">
<skipped>
</skipped>
</testcase>
<testcase name="User Registration › should disable register button while loading" classname="auth\register.spec.js" time="0">
<skipped>
</skipped>
</testcase>
<testcase name="User Registration › should show server validation errors" classname="auth\register.spec.js" time="0">
<skipped>
</skipped>
</testcase>
<testcase name="User Registration › should auto-login after successful registration" classname="auth\register.spec.js" time="0">
<skipped>
</skipped>
</testcase>
<testcase name="User Registration › should preserve form data on validation error" classname="auth\register.spec.js" time="0">
<skipped>
</skipped>
</testcase>
<testcase name="User Registration › should show password strength indicator" classname="auth\register.spec.js" time="0">
<skipped>
</skipped>
</testcase>
<testcase name="User Registration › Mobile Registration › should register successfully on mobile" classname="auth\register.spec.js" time="0">
<skipped>
</skipped>
</testcase>
<testcase name="User Registration › Mobile Registration › should have proper mobile form layout" classname="auth\register.spec.js" time="0">
<skipped>
</skipped>
</testcase>
<testcase name="User Registration › Mobile Registration › should handle mobile keyboard types" classname="auth\register.spec.js" time="0">
<skipped>
</skipped>
</testcase>
<testcase name="User Registration › Accessibility › should be accessible with keyboard navigation" classname="auth\register.spec.js" time="0">
<skipped>
</skipped>
</testcase>
<testcase name="User Registration › Accessibility › should have proper ARIA labels and roles" classname="auth\register.spec.js" time="0">
<skipped>
</skipped>
</testcase>
<testcase name="User Registration › Accessibility › should announce validation errors to screen readers" classname="auth\register.spec.js" time="0">
<skipped>
</skipped>
</testcase>
<testcase name="User Registration › Security › should not show password in plain text" classname="auth\register.spec.js" time="0">
<skipped>
</skipped>
</testcase>
<testcase name="User Registration › Security › should handle XSS in name field" classname="auth\register.spec.js" time="0">
<skipped>
</skipped>
</testcase>
</testsuite>
<testsuite name="shopping\browse-products.spec.js" timestamp="2025-08-31T18:52:28.596Z" hostname="Mobile Safari" tests="26" failures="0" skipped="26" time="0" errors="0">
<testcase name="Product Browsing › should display products on homepage" classname="shopping\browse-products.spec.js" time="0">
<skipped>
</skipped>
</testcase>
<testcase name="Product Browsing › should display product information correctly" classname="shopping\browse-products.spec.js" time="0">
<skipped>
</skipped>
</testcase>
<testcase name="Product Browsing › should navigate to product details when clicked" classname="shopping\browse-products.spec.js" time="0">
<skipped>
</skipped>
</testcase>
<testcase name="Product Browsing › should search for products successfully" classname="shopping\browse-products.spec.js" time="0">
<skipped>
</skipped>
</testcase>
<testcase name="Product Browsing › should filter products by category" classname="shopping\browse-products.spec.js" time="0">
<skipped>
</skipped>
</testcase>
<testcase name="Product Browsing › should sort products correctly" classname="shopping\browse-products.spec.js" time="0">
<skipped>
</skipped>
</testcase>
<testcase name="Product Browsing › should handle search with no results" classname="shopping\browse-products.spec.js" time="0">
<skipped>
</skipped>
</testcase>
<testcase name="Product Browsing › should display hero section if available" classname="shopping\browse-products.spec.js" time="0">
<skipped>
</skipped>
</testcase>
<testcase name="Product Browsing › should display featured products if available" classname="shopping\browse-products.spec.js" time="0">
<skipped>
</skipped>
</testcase>
<testcase name="Product Browsing › should handle product interactions" classname="shopping\browse-products.spec.js" time="0">
<skipped>
</skipped>
</testcase>
<testcase name="Product Browsing › should be responsive on different screen sizes" classname="shopping\browse-products.spec.js" time="0">
<skipped>
</skipped>
</testcase>
<testcase name="Product Browsing › should load more products if pagination exists" classname="shopping\browse-products.spec.js" time="0">
<skipped>
</skipped>
</testcase>
<testcase name="Product Browsing › should maintain state when navigating back" classname="shopping\browse-products.spec.js" time="0">
<skipped>
</skipped>
</testcase>
<testcase name="Product Browsing › should handle empty search gracefully" classname="shopping\browse-products.spec.js" time="0">
<skipped>
</skipped>
</testcase>
<testcase name="Product Browsing › should handle special characters in search" classname="shopping\browse-products.spec.js" time="0">
<skipped>
</skipped>
</testcase>
<testcase name="Product Browsing › should verify product card accessibility" classname="shopping\browse-products.spec.js" time="0">
<skipped>
</skipped>
</testcase>
<testcase name="Product Browsing › should handle slow loading gracefully" classname="shopping\browse-products.spec.js" time="0">
<skipped>
</skipped>
</testcase>
<testcase name="Product Browsing › should handle network errors gracefully" classname="shopping\browse-products.spec.js" time="0">
<skipped>
</skipped>
</testcase>
<testcase name="Product Browsing › Guest User Experience › should allow browsing without login" classname="shopping\browse-products.spec.js" time="0">
<skipped>
</skipped>
</testcase>
<testcase name="Product Browsing › Guest User Experience › should allow searching without login" classname="shopping\browse-products.spec.js" time="0">
<skipped>
</skipped>
</testcase>
<testcase name="Product Browsing › Guest User Experience › should handle add to cart for guest users" classname="shopping\browse-products.spec.js" time="0">
<skipped>
</skipped>
</testcase>
<testcase name="Product Browsing › Logged In User Experience › should show user-specific features when logged in" classname="shopping\browse-products.spec.js" time="0">
<skipped>
</skipped>
</testcase>
<testcase name="Product Browsing › Logged In User Experience › should allow adding products to cart when logged in" classname="shopping\browse-products.spec.js" time="0">
<skipped>
</skipped>
</testcase>
<testcase name="Product Browsing › Logged In User Experience › should maintain cart state across page navigation" classname="shopping\browse-products.spec.js" time="0">
<skipped>
</skipped>
</testcase>
<testcase name="Product Browsing › Performance › should load products within reasonable time" classname="shopping\browse-products.spec.js" time="0">
<skipped>
</skipped>
</testcase>
<testcase name="Product Browsing › Performance › should handle large product catalogs" classname="shopping\browse-products.spec.js" time="0">
<skipped>
</skipped>
</testcase>
</testsuite>
<testsuite name="shopping\cart-management.spec.js" timestamp="2025-08-31T18:52:28.596Z" hostname="Mobile Safari" tests="27" failures="0" skipped="27" time="0" errors="0">
<testcase name="Cart Management › should display empty cart initially" classname="shopping\cart-management.spec.js" time="0">
<skipped>
</skipped>
</testcase>
<testcase name="Cart Management › should add product to cart from homepage" classname="shopping\cart-management.spec.js" time="0">
<skipped>
</skipped>
</testcase>
<testcase name="Cart Management › should display correct product information in cart" classname="shopping\cart-management.spec.js" time="0">
<skipped>
</skipped>
</testcase>
<testcase name="Cart Management › should update item quantity successfully" classname="shopping\cart-management.spec.js" time="0">
<skipped>
</skipped>
</testcase>
<testcase name="Cart Management › should calculate cart totals correctly" classname="shopping\cart-management.spec.js" time="0">
<skipped>
</skipped>
</testcase>
<testcase name="Cart Management › should remove item from cart" classname="shopping\cart-management.spec.js" time="0">
<skipped>
</skipped>
</testcase>
<testcase name="Cart Management › should handle quantity increase" classname="shopping\cart-management.spec.js" time="0">
<skipped>
</skipped>
</testcase>
<testcase name="Cart Management › should handle quantity decrease" classname="shopping\cart-management.spec.js" time="0">
<skipped>
</skipped>
</testcase>
<testcase name="Cart Management › should handle minimum quantity (remove item when quantity becomes 0)" classname="shopping\cart-management.spec.js" time="0">
<skipped>
</skipped>
</testcase>
<testcase name="Cart Management › should validate maximum quantity limits" classname="shopping\cart-management.spec.js" time="0">
<skipped>
</skipped>
</testcase>
<testcase name="Cart Management › should persist cart state across page refreshes" classname="shopping\cart-management.spec.js" time="0">
<skipped>
</skipped>
</testcase>
<testcase name="Cart Management › should clear entire cart" classname="shopping\cart-management.spec.js" time="0">
<skipped>
</skipped>
</testcase>
<testcase name="Cart Management › should navigate to checkout with items in cart" classname="shopping\cart-management.spec.js" time="0">
<skipped>
</skipped>
</testcase>
<testcase name="Cart Management › should disable checkout button for empty cart" classname="shopping\cart-management.spec.js" time="0">
<skipped>
</skipped>
</testcase>
<testcase name="Cart Management › should continue shopping from cart" classname="shopping\cart-management.spec.js" time="0">
<skipped>
</skipped>
</testcase>
<testcase name="Cart Management › should apply coupon code if feature exists" classname="shopping\cart-management.spec.js" time="0">
<skipped>
</skipped>
</testcase>
<testcase name="Cart Management › should handle adding same product multiple times" classname="shopping\cart-management.spec.js" time="0">
<skipped>
</skipped>
</testcase>
<testcase name="Cart Management › should maintain cart state when switching between pages" classname="shopping\cart-management.spec.js" time="0">
<skipped>
</skipped>
</testcase>
<testcase name="Cart Management › should handle network errors gracefully" classname="shopping\cart-management.spec.js" time="0">
<skipped>
</skipped>
</testcase>
<testcase name="Cart Management › should display loading states during cart operations" classname="shopping\cart-management.spec.js" time="0">
<skipped>
</skipped>
</testcase>
<testcase name="Cart Management › Mobile Cart Experience › should work correctly on mobile devices" classname="shopping\cart-management.spec.js" time="0">
<skipped>
</skipped>
</testcase>
<testcase name="Cart Management › Mobile Cart Experience › should have touch-friendly quantity controls" classname="shopping\cart-management.spec.js" time="0">
<skipped>
</skipped>
</testcase>
<testcase name="Cart Management › Accessibility › should be keyboard accessible" classname="shopping\cart-management.spec.js" time="0">
<skipped>
</skipped>
</testcase>
<testcase name="Cart Management › Accessibility › should have proper ARIA labels" classname="shopping\cart-management.spec.js" time="0">
<skipped>
</skipped>
</testcase>
<testcase name="Cart Management › Accessibility › should announce cart updates to screen readers" classname="shopping\cart-management.spec.js" time="0">
<skipped>
</skipped>
</testcase>
<testcase name="Cart Management › Performance › should handle large quantities efficiently" classname="shopping\cart-management.spec.js" time="0">
<skipped>
</skipped>
</testcase>
<testcase name="Cart Management › Performance › should handle multiple cart operations efficiently" classname="shopping\cart-management.spec.js" time="0">
<skipped>
</skipped>
</testcase>
</testsuite>
</testsuites>